{"C:\\Users\\Suresh Gv\\Desktop\\webpack_config_react_ts\\src\\App.tsx": {"path":"C:\\Users\\Suresh Gv\\Desktop\\webpack_config_react_ts\\src\\App.tsx","statementMap":{"0":{"start":{"line":2,"column":12},"end":{"line":8,"column":1}},"1":{"start":{"line":3,"column":4},"end":{"line":7,"column":5}}},"fnMap":{"0":{"name":"(anonymous_0)","decl":{"start":{"line":2,"column":12},"end":{"line":2,"column":13}},"loc":{"start":{"line":2,"column":18},"end":{"line":8,"column":1}},"line":2}},"branchMap":{},"s":{"0":1,"1":1},"f":{"0":1},"b":{},"_coverageSchema":"1a1c01bbd47fc00a2c39e90264f33305004495a9","hash":"25e047b1b0ada010690adf657bf249cdcb29e0bf"}
}
